<?xml version="1.0" encoding="UTF-8"?>
<!-- Generated by org.testng.reporters.JUnitReportReporter -->
<testsuite skipped="0" hostname="harshit" name="test.TestActitimeLogin" tests="1" failures="0" timestamp="21 May 2020 20:41:12 GMT" time="29.841" errors="0">
  <testcase name="login" time="29.841" classname="test.TestActitimeLogin"/>
</testsuite> <!-- test.TestActitimeLogin -->
